<?xml version="1.0" encoding="UTF-8"?>
<testng-results ignored="0" total="1" passed="1" failed="0" skipped="0">
  <reporter-output>
  </reporter-output>
  <suite started-at="2022-10-20T20:40:06 IST" name="Default suite" finished-at="2022-10-20T20:40:15 IST" duration-ms="8991">
    <groups>
    </groups>
    <test started-at="2022-10-20T20:40:06 IST" name="Default test" finished-at="2022-10-20T20:40:15 IST" duration-ms="8991">
      <class name="demo.LaunchingBrowserTest">
        <test-method signature="lanchingTest()[pri:0, instance:demo.LaunchingBrowserTest@4ddced80]" started-at="2022-10-20T20:40:06 IST" name="lanchingTest" finished-at="2022-10-20T20:40:15 IST" duration-ms="8946" status="PASS">
          <reporter-output>
          </reporter-output>
        </test-method> <!-- lanchingTest -->
      </class> <!-- demo.LaunchingBrowserTest -->
    </test> <!-- Default test -->
  </suite> <!-- Default suite -->
</testng-results>
